#
# A fatal error has been detected by the Java Runtime Environment:
#
#  EXCEPTION_ACCESS_VIOLATION (0xc0000005) at pc=0x0000000066bcbd0d, pid=5508, tid=0x0000000000003de4
#
# JRE version: Java(TM) SE Runtime Environment (8.0_151-b12) (build 1.8.0_151-b12)
# Java VM: Java HotSpot(TM) 64-Bit Server VM (25.151-b12 mixed mode windows-amd64 compressed oops)
# Problematic frame:
# C  [gdx-box2d64.dll+0xbd0d]
#
# Failed to write core dump. Minidumps are not enabled by default on client versions of Windows
#
# If you would like to submit a bug report, please visit:
#   http://bugreport.java.com/bugreport/crash.jsp
# The crash happened outside the Java Virtual Machine in native code.
# See problematic frame for where to report the bug.
#

---------------  T H R E A D  ---------------

Current thread (0x000000001936e800):  JavaThread "LWJGL Application" [_thread_in_native, id=15844, stack(0x000000001a160000,0x000000001a260000)]

siginfo: ExceptionCode=0xc0000005, reading address 0x0000000219d922f0

Registers:
RAX=0x0000000219d922f0, RBX=0x0000000019d38780, RCX=0x0000000019d38750, RDX=0x00000000000000b8
RSP=0x000000001a25d930, RBP=0x0000000000000006, RSI=0x0000000019d38750, RDI=0x000000001a25d9f0
R8 =0x0000000019d38750, R9 =0x0000000000000002, R10=0x0000000000000001, R11=0x0000000000000001
R12=0x0000000000000000, R13=0x00000000ffbc5bf8, R14=0x00000000154f70f0, R15=0x000000001936e800
RIP=0x0000000066bcbd0d, EFLAGS=0x0000000000010206

Top of Stack: (sp=0x000000001a25d930)
0x000000001a25d930:   000000001548b7b8 0000000000000000
0x000000001a25d940:   000000000000000b 00000000000000b0
0x000000001a25d950:   0000000003410000 0000000019d38750
0x000000001a25d960:   0000000000000001 000000001a25d9f0
0x000000001a25d970:   000000001a25db10 0000000000000000
0x000000001a25d980:   00000000ffbc5bf8 0000000066be2483
0x000000001a25d990:   0000000019d383f0 0000000066bfc3c6
0x000000001a25d9a0:   0000000019d215c0 0000000066bfc305
0x000000001a25d9b0:   0000000000000001 0000000000000001
0x000000001a25d9c0:   0000000000000001 0000000066be8616
0x000000001a25d9d0:   0000000000000001 0000000066bfa738
0x000000001a25d9e0:   0000000000000000 00000000154d83a8
0x000000001a25d9f0:   42b0000000000002 00000000440e0000
0x000000001a25da00:   0000000000000000 0000000000000000
0x000000001a25da10:   0001010100000000 000000000014b601
0x000000001a25da20:   0000000000000000 000000003f800000 

Instructions: (pc=0x0000000066bcbd0d)
0x0000000066bcbced:   48 8d 05 6c a3 05 00 0f b6 1c 18 80 fb 0d 0f b6
0x0000000066bcbcfd:   eb 77 21 48 8d 1c de 48 8b 43 10 48 85 c0 74 3a
0x0000000066bcbd0d:   48 8b 10 48 89 53 10 48 83 c4 28 5b 5e 5f 5d 41
0x0000000066bcbd1d:   5c 41 5d c3 48 8d 15 18 9e 04 00 48 8d 0d 99 9e 


Register to memory mapping:

RAX=0x0000000219d922f0 is an unknown value
RBX=0x0000000019d38780 is an unknown value
RCX=0x0000000019d38750 is an unknown value
RDX=0x00000000000000b8 is an unknown value
RSP=0x000000001a25d930 is pointing into the stack for thread: 0x000000001936e800
RBP=0x0000000000000006 is an unknown value
RSI=0x0000000019d38750 is an unknown value
RDI=0x000000001a25d9f0 is pointing into the stack for thread: 0x000000001936e800
R8 =0x0000000019d38750 is an unknown value
R9 =0x0000000000000002 is an unknown value
R10=0x0000000000000001 is an unknown value
R11=0x0000000000000001 is an unknown value
R12=0x0000000000000000 is an unknown value
R13=0x00000000ffbc5bf8 is an oop
com.badlogic.gdx.physics.box2d.World 
 - klass: 'com/badlogic/gdx/physics/box2d/World'
R14=0x00000000154f70f0 is pointing into metadata
R15=0x000000001936e800 is a thread


Stack: [0x000000001a160000,0x000000001a260000],  sp=0x000000001a25d930,  free space=1014k
Native frames: (J=compiled Java code, j=interpreted, Vv=VM code, C=native code)
C  [gdx-box2d64.dll+0xbd0d]
C  [gdx-box2d64.dll+0x22483]
C  [gdx-box2d64.dll+0x28616]
C  0x0000000005120664

Java frames: (J=compiled Java code, j=interpreted, Vv=VM code)
J 654  com.badlogic.gdx.physics.box2d.World.jniCreateBody(JIFFFFFFFFZZZZZF)J (0 bytes) @ 0x00000000051205e6 [0x0000000005120540+0xa6]
J 653 C1 com.badlogic.gdx.physics.box2d.World.createBody(Lcom/badlogic/gdx/physics/box2d/BodyDef;)Lcom/badlogic/gdx/physics/box2d/Body; (120 bytes) @ 0x00000000051246cc [0x0000000005124520+0x1ac]
j  mysko.pilzhere.gameboygame.entities.resources.Iron.createBody(FF)V+115
j  mysko.pilzhere.gameboygame.entities.resources.Iron.<init>(Lmysko/pilzhere/gameboygame/screens/GameScreen;FF)V+10
j  mysko.pilzhere.gameboygame.entities.blocks.IronBlock.spawnResource()V+44
J 1065 C1 mysko.pilzhere.gameboygame.entities.Player.reportRayFixture(Lcom/badlogic/gdx/physics/box2d/Fixture;Lcom/badlogic/gdx/math/Vector2;Lcom/badlogic/gdx/math/Vector2;F)F (534 bytes) @ 0x000000000528d9bc [0x000000000528cea0+0xb1c]
J 985 C2 com.badlogic.gdx.physics.box2d.World.reportRayFixture(JFFFFF)F (75 bytes) @ 0x00000000052194d0 [0x0000000005219380+0x150]
v  ~StubRoutines::call_stub
J 679  com.badlogic.gdx.physics.box2d.World.jniRayCast(JFFFF)V (0 bytes) @ 0x000000000512d151 [0x000000000512d100+0x51]
J 1204 C1 mysko.pilzhere.gameboygame.entities.Player.handleInput(F)V (1468 bytes) @ 0x00000000053ab5f4 [0x00000000053a5d00+0x58f4]
J 1203 C1 mysko.pilzhere.gameboygame.entities.Player.tick(F)V (1057 bytes) @ 0x0000000005399a7c [0x00000000053984c0+0x15bc]
J 1052 C2 mysko.pilzhere.gameboygame.screens.GameScreen.tick(F)V (184 bytes) @ 0x000000000526ee2c [0x000000000526ecc0+0x16c]
J 1168 C2 mysko.pilzhere.gameboygame.screens.GameScreen.render(F)V (430 bytes) @ 0x000000000532c984 [0x000000000532c440+0x544]
J 1193 C1 mysko.pilzhere.gameboygame.GameboyGame.render()V (35 bytes) @ 0x000000000535691c [0x0000000005355c60+0xcbc]
j  com.badlogic.gdx.backends.lwjgl.LwjglApplication.mainLoop()V+698
j  com.badlogic.gdx.backends.lwjgl.LwjglApplication$1.run()V+27
v  ~StubRoutines::call_stub

---------------  P R O C E S S  ---------------

Java Threads: ( => current thread )
  0x000000001dcd2000 JavaThread "LWJGL Timer" daemon [_thread_blocked, id=24564, stack(0x00000000217e0000,0x00000000218e0000)]
  0x00000000194f5800 JavaThread "AsynchExecutor-Thread" daemon [_thread_blocked, id=9480, stack(0x00000000216e0000,0x00000000217e0000)]
  0x0000000004d33800 JavaThread "DestroyJavaVM" [_thread_blocked, id=22916, stack(0x0000000004c30000,0x0000000004d30000)]
=>0x000000001936e800 JavaThread "LWJGL Application" [_thread_in_native, id=15844, stack(0x000000001a160000,0x000000001a260000)]
  0x0000000016f80000 JavaThread "Service Thread" daemon [_thread_blocked, id=22160, stack(0x0000000018f80000,0x0000000019080000)]
  0x0000000016ef3000 JavaThread "C1 CompilerThread3" daemon [_thread_blocked, id=8684, stack(0x0000000018e80000,0x0000000018f80000)]
  0x0000000016ef2000 JavaThread "C2 CompilerThread2" daemon [_thread_blocked, id=22600, stack(0x0000000018d80000,0x0000000018e80000)]
  0x0000000016eee800 JavaThread "C2 CompilerThread1" daemon [_thread_blocked, id=15876, stack(0x0000000018c80000,0x0000000018d80000)]
  0x0000000016ee8800 JavaThread "C2 CompilerThread0" daemon [_thread_blocked, id=24080, stack(0x0000000018b80000,0x0000000018c80000)]
  0x0000000016edd800 JavaThread "JDWP Command Reader" daemon [_thread_in_native, id=3800, stack(0x0000000018a80000,0x0000000018b80000)]
  0x0000000016ed7000 JavaThread "JDWP Event Helper Thread" daemon [_thread_blocked, id=18584, stack(0x0000000018980000,0x0000000018a80000)]
  0x0000000016ecc000 JavaThread "JDWP Transport Listener: dt_socket" daemon [_thread_blocked, id=9708, stack(0x0000000018880000,0x0000000018980000)]
  0x0000000016ebe000 JavaThread "Attach Listener" daemon [_thread_blocked, id=12656, stack(0x0000000018440000,0x0000000018540000)]
  0x0000000016ebc000 JavaThread "Signal Dispatcher" daemon [_thread_blocked, id=23600, stack(0x0000000018340000,0x0000000018440000)]
  0x0000000016eb3000 JavaThread "Finalizer" daemon [_thread_blocked, id=7508, stack(0x0000000018140000,0x0000000018240000)]
  0x00000000157dd800 JavaThread "Reference Handler" daemon [_thread_blocked, id=22640, stack(0x0000000018040000,0x0000000018140000)]

Other Threads:
  0x00000000157d6800 VMThread [stack: 0x0000000017f40000,0x0000000018040000] [id=9084]
  0x0000000016f9d800 WatcherThread [stack: 0x0000000019080000,0x0000000019180000] [id=4868]

VM state:not at safepoint (normal execution)

VM Mutex/Monitor currently owned by a thread: None

Heap:
 PSYoungGen      total 18944K, used 3421K [0x00000000feb00000, 0x0000000100000000, 0x0000000100000000)
  eden space 16384K, 5% used [0x00000000feb00000,0x00000000febd91a0,0x00000000ffb00000)
  from space 2560K, 99% used [0x00000000ffb00000,0x00000000ffd7e300,0x00000000ffd80000)
  to   space 2560K, 0% used [0x00000000ffd80000,0x00000000ffd80000,0x0000000100000000)
 ParOldGen       total 44032K, used 3385K [0x00000000fc000000, 0x00000000feb00000, 0x00000000feb00000)
  object space 44032K, 7% used [0x00000000fc000000,0x00000000fc34e4a0,0x00000000feb00000)
 Metaspace       used 8390K, capacity 8547K, committed 8832K, reserved 1056768K
  class space    used 761K, capacity 816K, committed 896K, reserved 1048576K

Card table byte_map: [0x0000000003370000,0x00000000033a0000] byte_map_base: 0x0000000002b90000

Marking Bits: (ParMarkBitMap*) 0x000000007600d850
 Begin Bits: [0x0000000014bf0000, 0x0000000014cf0000)
 End Bits:   [0x0000000014cf0000, 0x0000000014df0000)

Polling page: 0x0000000002d20000

CodeCache: size=245760Kb used=5789Kb max_used=5801Kb free=239970Kb
 bounds [0x0000000004e30000, 0x00000000053e0000, 0x0000000013e30000]
 total_blobs=1727 nmethods=1240 adapters=408
 compilation: enabled

Compilation events (10 events):
Event: 20.089 Thread 0x0000000016ef3000 1237       3       java.nio.HeapByteBuffer::get (14 bytes)
Event: 20.090 Thread 0x0000000016ef3000 nmethod 1237 0x00000000053cbdd0 code [0x00000000053cbf60, 0x00000000053cc308]
Event: 20.272 Thread 0x0000000016ef3000 1238       3       java.nio.HeapByteBuffer::putInt (20 bytes)
Event: 20.272 Thread 0x0000000016ef3000 nmethod 1238 0x00000000053cb710 code [0x00000000053cb8a0, 0x00000000053cbc68]
Event: 20.272 Thread 0x0000000016ef3000 1239       3       java.nio.Bits::putInt (20 bytes)
Event: 20.273 Thread 0x0000000016ef3000 nmethod 1239 0x00000000053cb2d0 code [0x00000000053cb440, 0x00000000053cb658]
Event: 20.273 Thread 0x0000000016ef3000 1240       3       java.nio.Bits::getInt (18 bytes)
Event: 20.273 Thread 0x0000000016ef3000 nmethod 1240 0x00000000053ca390 code [0x00000000053ca580, 0x00000000053caf58]
Event: 21.572 Thread 0x0000000016eee800 1241       4       com.badlogic.gdx.backends.lwjgl.LwjglGL20::glDepthMask (5 bytes)
Event: 21.574 Thread 0x0000000016eee800 nmethod 1241 0x00000000053cd650 code [0x00000000053cd7a0, 0x00000000053cd908]

GC Heap History (6 events):
Event: 0.810 GC heap before
{Heap before GC invocations=1 (full 0):
 PSYoungGen      total 18944K, used 16384K [0x00000000feb00000, 0x0000000100000000, 0x0000000100000000)
  eden space 16384K, 100% used [0x00000000feb00000,0x00000000ffb00000,0x00000000ffb00000)
  from space 2560K, 0% used [0x00000000ffd80000,0x00000000ffd80000,0x0000000100000000)
  to   space 2560K, 0% used [0x00000000ffb00000,0x00000000ffb00000,0x00000000ffd80000)
 ParOldGen       total 44032K, used 0K [0x00000000fc000000, 0x00000000feb00000, 0x00000000feb00000)
  object space 44032K, 0% used [0x00000000fc000000,0x00000000fc000000,0x00000000feb00000)
 Metaspace       used 7257K, capacity 7427K, committed 7680K, reserved 1056768K
  class space    used 693K, capacity 720K, committed 768K, reserved 1048576K
Event: 0.812 GC heap after
Heap after GC invocations=1 (full 0):
 PSYoungGen      total 18944K, used 2554K [0x00000000feb00000, 0x0000000100000000, 0x0000000100000000)
  eden space 16384K, 0% used [0x00000000feb00000,0x00000000feb00000,0x00000000ffb00000)
  from space 2560K, 99% used [0x00000000ffb00000,0x00000000ffd7e958,0x00000000ffd80000)
  to   space 2560K, 0% used [0x00000000ffd80000,0x00000000ffd80000,0x0000000100000000)
 ParOldGen       total 44032K, used 1787K [0x00000000fc000000, 0x00000000feb00000, 0x00000000feb00000)
  object space 44032K, 4% used [0x00000000fc000000,0x00000000fc1bed60,0x00000000feb00000)
 Metaspace       used 7257K, capacity 7427K, committed 7680K, reserved 1056768K
  class space    used 693K, capacity 720K, committed 768K, reserved 1048576K
}
Event: 9.189 GC heap before
{Heap before GC invocations=2 (full 0):
 PSYoungGen      total 18944K, used 18938K [0x00000000feb00000, 0x0000000100000000, 0x0000000100000000)
  eden space 16384K, 100% used [0x00000000feb00000,0x00000000ffb00000,0x00000000ffb00000)
  from space 2560K, 99% used [0x00000000ffb00000,0x00000000ffd7e958,0x00000000ffd80000)
  to   space 2560K, 0% used [0x00000000ffd80000,0x00000000ffd80000,0x0000000100000000)
 ParOldGen       total 44032K, used 1787K [0x00000000fc000000, 0x00000000feb00000, 0x00000000feb00000)
  object space 44032K, 4% used [0x00000000fc000000,0x00000000fc1bed60,0x00000000feb00000)
 Metaspace       used 8328K, capacity 8483K, committed 8576K, reserved 1056768K
  class space    used 760K, capacity 816K, committed 896K, reserved 1048576K
Event: 9.192 GC heap after
Heap after GC invocations=2 (full 0):
 PSYoungGen      total 18944K, used 2536K [0x00000000feb00000, 0x0000000100000000, 0x0000000100000000)
  eden space 16384K, 0% used [0x00000000feb00000,0x00000000feb00000,0x00000000ffb00000)
  from space 2560K, 99% used [0x00000000ffd80000,0x00000000ffffa3d8,0x0000000100000000)
  to   space 2560K, 0% used [0x00000000ffb00000,0x00000000ffb00000,0x00000000ffd80000)
 ParOldGen       total 44032K, used 3305K [0x00000000fc000000, 0x00000000feb00000, 0x00000000feb00000)
  object space 44032K, 7% used [0x00000000fc000000,0x00000000fc33a400,0x00000000feb00000)
 Metaspace       used 8328K, capacity 8483K, committed 8576K, reserved 1056768K
  class space    used 760K, capacity 816K, committed 896K, reserved 1048576K
}
Event: 21.105 GC heap before
{Heap before GC invocations=3 (full 0):
 PSYoungGen      total 18944K, used 18920K [0x00000000feb00000, 0x0000000100000000, 0x0000000100000000)
  eden space 16384K, 100% used [0x00000000feb00000,0x00000000ffb00000,0x00000000ffb00000)
  from space 2560K, 99% used [0x00000000ffd80000,0x00000000ffffa3d8,0x0000000100000000)
  to   space 2560K, 0% used [0x00000000ffb00000,0x00000000ffb00000,0x00000000ffd80000)
 ParOldGen       total 44032K, used 3305K [0x00000000fc000000, 0x00000000feb00000, 0x00000000feb00000)
  object space 44032K, 7% used [0x00000000fc000000,0x00000000fc33a400,0x00000000feb00000)
 Metaspace       used 8384K, capacity 8547K, committed 8832K, reserved 1056768K
  class space    used 760K, capacity 816K, committed 896K, reserved 1048576K
Event: 21.107 GC heap after
Heap after GC invocations=3 (full 0):
 PSYoungGen      total 18944K, used 2552K [0x00000000feb00000, 0x0000000100000000, 0x0000000100000000)
  eden space 16384K, 0% used [0x00000000feb00000,0x00000000feb00000,0x00000000ffb00000)
  from space 2560K, 99% used [0x00000000ffb00000,0x00000000ffd7e300,0x00000000ffd80000)
  to   space 2560K, 0% used [0x00000000ffd80000,0x00000000ffd80000,0x0000000100000000)
 ParOldGen       total 44032K, used 3385K [0x00000000fc000000, 0x00000000feb00000, 0x00000000feb00000)
  object space 44032K, 7% used [0x00000000fc000000,0x00000000fc34e4a0,0x00000000feb00000)
 Metaspace       used 8384K, capacity 8547K, committed 8832K, reserved 1056768K
  class space    used 760K, capacity 816K, committed 896K, reserved 1048576K
}

Deoptimization events (10 events):
Event: 0.749 Thread 0x000000001936e800 Uncommon trap: reason=unstable_if action=reinterpret pc=0x000000000508ec28 method=com.badlogic.gdx.assets.AssetLoadingTask.handleAsyncLoader()V @ 12
Event: 0.749 Thread 0x000000001936e800 Uncommon trap: reason=unstable_if action=reinterpret pc=0x0000000005079970 method=com.badlogic.gdx.assets.AssetLoadingTask.handleAsyncLoader()V @ 12
Event: 0.749 Thread 0x000000001936e800 Uncommon trap: reason=unstable_if action=reinterpret pc=0x000000000507a0fc method=java.util.concurrent.FutureTask.isDone()Z @ 4
Event: 0.787 Thread 0x000000001936e800 Uncommon trap: reason=class_check action=maybe_recompile pc=0x00000000050c71d8 method=com.badlogic.gdx.assets.AssetLoadingTask.handleAsyncLoader()V @ 311
Event: 0.916 Thread 0x000000001936e800 Uncommon trap: reason=unstable_if action=reinterpret pc=0x0000000005134eb8 method=java.lang.Math.round(F)I @ 23
Event: 2.239 Thread 0x000000001936e800 Uncommon trap: reason=unstable_if action=reinterpret pc=0x00000000051721d8 method=mysko.pilzhere.gameboygame.entities.blocks.Block.render(F)V @ 239
Event: 2.840 Thread 0x000000001936e800 Uncommon trap: reason=unstable_if action=reinterpret pc=0x000000000516a3e0 method=com.badlogic.gdx.math.Frustum.boundsInFrustum(FFFFFF)Z @ 104
Event: 5.422 Thread 0x000000001936e800 Uncommon trap: reason=unstable_if action=reinterpret pc=0x0000000005283db0 method=mysko.pilzhere.gameboygame.entities.resources.Mushroom.render(F)V @ 94
Event: 5.456 Thread 0x000000001936e800 Uncommon trap: reason=unstable_if action=reinterpret pc=0x0000000005266094 method=mysko.pilzhere.gameboygame.entities.resources.Mushroom.render(F)V @ 94
Event: 7.040 Thread 0x000000001936e800 Uncommon trap: reason=unstable_if action=reinterpret pc=0x00000000052c2c14 method=mysko.pilzhere.gameboygame.physics.CollisionContactListener.preSolve(Lcom/badlogic/gdx/physics/box2d/Contact;Lcom/badlogic/gdx/physics/box2d/Manifold;)V @ 12

Internal exceptions (10 events):
Event: 0.167 Thread 0x0000000004d33800 Exception <a 'java/security/PrivilegedActionException'> (0x00000000fedd92c0) thrown at [C:\re\workspace\8-2-build-windows-amd64-cygwin\jdk8u151\9699\hotspot\src\share\vm\prims\jvm.cpp, line 1390]
Event: 0.167 Thread 0x0000000004d33800 Exception <a 'java/security/PrivilegedActionException'> (0x00000000fedd94d0) thrown at [C:\re\workspace\8-2-build-windows-amd64-cygwin\jdk8u151\9699\hotspot\src\share\vm\prims\jvm.cpp, line 1390]
Event: 0.168 Thread 0x0000000004d33800 Exception <a 'java/security/PrivilegedActionException'> (0x00000000feddd140) thrown at [C:\re\workspace\8-2-build-windows-amd64-cygwin\jdk8u151\9699\hotspot\src\share\vm\prims\jvm.cpp, line 1390]
Event: 0.168 Thread 0x0000000004d33800 Exception <a 'java/security/PrivilegedActionException'> (0x00000000feddd350) thrown at [C:\re\workspace\8-2-build-windows-amd64-cygwin\jdk8u151\9699\hotspot\src\share\vm\prims\jvm.cpp, line 1390]
Event: 0.298 Thread 0x0000000004d33800 Exception <a 'java/security/PrivilegedActionException'> (0x00000000feefa958) thrown at [C:\re\workspace\8-2-build-windows-amd64-cygwin\jdk8u151\9699\hotspot\src\share\vm\prims\jvm.cpp, line 1390]
Event: 0.298 Thread 0x0000000004d33800 Exception <a 'java/security/PrivilegedActionException'> (0x00000000feefc630) thrown at [C:\re\workspace\8-2-build-windows-amd64-cygwin\jdk8u151\9699\hotspot\src\share\vm\prims\jvm.cpp, line 1390]
Event: 0.298 Thread 0x0000000004d33800 Exception <a 'java/security/PrivilegedActionException'> (0x00000000feefd7a0) thrown at [C:\re\workspace\8-2-build-windows-amd64-cygwin\jdk8u151\9699\hotspot\src\share\vm\prims\jvm.cpp, line 1390]
Event: 0.298 Thread 0x0000000004d33800 Exception <a 'java/security/PrivilegedActionException'> (0x00000000fef02908) thrown at [C:\re\workspace\8-2-build-windows-amd64-cygwin\jdk8u151\9699\hotspot\src\share\vm\prims\jvm.cpp, line 1390]
Event: 0.298 Thread 0x0000000004d33800 Exception <a 'java/security/PrivilegedActionException'> (0x00000000fef03560) thrown at [C:\re\workspace\8-2-build-windows-amd64-cygwin\jdk8u151\9699\hotspot\src\share\vm\prims\jvm.cpp, line 1390]
Event: 0.298 Thread 0x0000000004d33800 Exception <a 'java/security/PrivilegedActionException'> (0x00000000fef04188) thrown at [C:\re\workspace\8-2-build-windows-amd64-cygwin\jdk8u151\9699\hotspot\src\share\vm\prims\jvm.cpp, line 1390]

Events (10 events):
Event: 21.622 Thread 0x000000001936e800 DEOPT PACKING pc=0x0000000004fdd801 sp=0x000000001a25c9d0
Event: 21.622 Thread 0x000000001936e800 DEOPT UNPACKING pc=0x0000000004e7787f sp=0x000000001a25c720 mode 1
Event: 21.623 Executing VM operation: RevokeBias
Event: 21.623 Executing VM operation: RevokeBias done
Event: 21.623 Thread 0x000000001936e800 DEOPT PACKING pc=0x0000000004fdfffc sp=0x000000001a25ca50
Event: 21.623 Thread 0x000000001936e800 DEOPT UNPACKING pc=0x0000000004e7787f sp=0x000000001a25c870 mode 1
Event: 21.623 Executing VM operation: RevokeBias
Event: 21.623 Executing VM operation: RevokeBias done
Event: 21.623 Thread 0x000000001936e800 DEOPT PACKING pc=0x0000000004fdfd94 sp=0x000000001a25cbe0
Event: 21.623 Thread 0x000000001936e800 DEOPT UNPACKING pc=0x0000000004e7787f sp=0x000000001a25ca00 mode 1


Dynamic libraries:
0x00007ff6607d0000 - 0x00007ff660807000 	C:\Program Files\Java\jre1.8.0_151\bin\javaw.exe
0x00007ffe64580000 - 0x00007ffe64760000 	C:\WINDOWS\SYSTEM32\ntdll.dll
0x00007ffe62060000 - 0x00007ffe6210e000 	C:\WINDOWS\System32\KERNEL32.DLL
0x00007ffe611a0000 - 0x00007ffe61406000 	C:\WINDOWS\System32\KERNELBASE.dll
0x00007ffe62bf0000 - 0x00007ffe62c91000 	C:\WINDOWS\System32\ADVAPI32.dll
0x00007ffe621c0000 - 0x00007ffe6225d000 	C:\WINDOWS\System32\msvcrt.dll
0x00007ffe62260000 - 0x00007ffe622bb000 	C:\WINDOWS\System32\sechost.dll
0x00007ffe62690000 - 0x00007ffe627af000 	C:\WINDOWS\System32\RPCRT4.dll
0x00007ffe62820000 - 0x00007ffe629af000 	C:\WINDOWS\System32\USER32.dll
0x00007ffe60980000 - 0x00007ffe609a0000 	C:\WINDOWS\System32\win32u.dll
0x00007ffe629b0000 - 0x00007ffe629d8000 	C:\WINDOWS\System32\GDI32.dll
0x00007ffe616c0000 - 0x00007ffe61853000 	C:\WINDOWS\System32\gdi32full.dll
0x00007ffe619b0000 - 0x00007ffe61a4b000 	C:\WINDOWS\System32\msvcp_win.dll
0x00007ffe618b0000 - 0x00007ffe619a6000 	C:\WINDOWS\System32\ucrtbase.dll
0x00007ffe585d0000 - 0x00007ffe58839000 	C:\WINDOWS\WinSxS\amd64_microsoft.windows.common-controls_6595b64144ccf1df_6.0.16299.371_none_15c7d1789365a290\COMCTL32.dll
0x00007ffe62da0000 - 0x00007ffe630a8000 	C:\WINDOWS\System32\combase.dll
0x00007ffe615e0000 - 0x00007ffe61652000 	C:\WINDOWS\System32\bcryptPrimitives.dll
0x00007ffe624c0000 - 0x00007ffe624ed000 	C:\WINDOWS\System32\IMM32.DLL
0x0000000076090000 - 0x0000000076162000 	C:\Program Files\Java\jre1.8.0_151\bin\msvcr100.dll
0x00000000757f0000 - 0x000000007608d000 	C:\Program Files\Java\jre1.8.0_151\bin\server\jvm.dll
0x00007ffe62050000 - 0x00007ffe62058000 	C:\WINDOWS\System32\PSAPI.DLL
0x00007ffe5d730000 - 0x00007ffe5d739000 	C:\WINDOWS\SYSTEM32\WSOCK32.dll
0x00007ffe5ae10000 - 0x00007ffe5ae1a000 	C:\WINDOWS\SYSTEM32\VERSION.dll
0x00007ffe5d8e0000 - 0x00007ffe5d903000 	C:\WINDOWS\SYSTEM32\WINMM.dll
0x00007ffe627b0000 - 0x00007ffe6281c000 	C:\WINDOWS\System32\WS2_32.dll
0x00007ffe5d880000 - 0x00007ffe5d8aa000 	C:\WINDOWS\SYSTEM32\winmmbase.dll
0x00007ffe61860000 - 0x00007ffe618aa000 	C:\WINDOWS\System32\cfgmgr32.dll
0x0000000050090000 - 0x000000005009f000 	C:\Program Files\Java\jre1.8.0_151\bin\verify.dll
0x0000000050060000 - 0x0000000050089000 	C:\Program Files\Java\jre1.8.0_151\bin\java.dll
0x0000000077880000 - 0x00000000778b5000 	C:\Program Files\Java\jre1.8.0_151\bin\jdwp.dll
0x0000000077870000 - 0x0000000077878000 	C:\Program Files\Java\jre1.8.0_151\bin\npt.dll
0x0000000050040000 - 0x0000000050056000 	C:\Program Files\Java\jre1.8.0_151\bin\zip.dll
0x00007ffe63110000 - 0x00007ffe64546000 	C:\WINDOWS\System32\SHELL32.dll
0x00007ffe62110000 - 0x00007ffe621b6000 	C:\WINDOWS\System32\shcore.dll
0x00007ffe609a0000 - 0x00007ffe610e7000 	C:\WINDOWS\System32\windows.storage.dll
0x00007ffe630b0000 - 0x00007ffe63101000 	C:\WINDOWS\System32\shlwapi.dll
0x00007ffe60940000 - 0x00007ffe60951000 	C:\WINDOWS\System32\kernel.appcore.dll
0x00007ffe608f0000 - 0x00007ffe6093c000 	C:\WINDOWS\System32\powrprof.dll
0x00007ffe608d0000 - 0x00007ffe608eb000 	C:\WINDOWS\System32\profapi.dll
0x0000000077860000 - 0x0000000077869000 	C:\Program Files\Java\jre1.8.0_151\bin\dt_socket.dll
0x00007ffe5a1c0000 - 0x00007ffe5a1d6000 	C:\WINDOWS\system32\napinsp.dll
0x00007ffe5a1a0000 - 0x00007ffe5a1ba000 	C:\WINDOWS\system32\pnrpnsp.dll
0x00007ffe5d590000 - 0x00007ffe5d5a8000 	C:\WINDOWS\system32\NLAapi.dll
0x00007ffe60160000 - 0x00007ffe601c6000 	C:\WINDOWS\System32\mswsock.dll
0x00007ffe5ff30000 - 0x00007ffe5ffe6000 	C:\WINDOWS\SYSTEM32\DNSAPI.dll
0x00007ffe622c0000 - 0x00007ffe622c8000 	C:\WINDOWS\System32\NSI.dll
0x00007ffe5fef0000 - 0x00007ffe5ff29000 	C:\WINDOWS\SYSTEM32\IPHLPAPI.DLL
0x00007ffe5d930000 - 0x00007ffe5d93e000 	C:\WINDOWS\System32\winrnr.dll
0x00007ffe56790000 - 0x00007ffe56800000 	C:\WINDOWS\System32\fwpuclnt.dll
0x00007ffe60430000 - 0x00007ffe60455000 	C:\WINDOWS\SYSTEM32\bcrypt.dll
0x00007ffe585c0000 - 0x00007ffe585ca000 	C:\Windows\System32\rasadhlp.dll
0x0000000065580000 - 0x0000000065616000 	C:\Users\PilzHere\AppData\Local\Temp\libgdxPilzHere\12dfaa03\gdx64.dll
0x00007ffe60320000 - 0x00007ffe60337000 	C:\WINDOWS\SYSTEM32\CRYPTSP.dll
0x00007ffe5fd60000 - 0x00007ffe5fd93000 	C:\WINDOWS\system32\rsaenh.dll
0x00007ffe60800000 - 0x00007ffe60829000 	C:\WINDOWS\SYSTEM32\USERENV.dll
0x00007ffe60340000 - 0x00007ffe6034b000 	C:\WINDOWS\SYSTEM32\CRYPTBASE.dll
0x0000000050020000 - 0x000000005003a000 	C:\Program Files\Java\jre1.8.0_151\bin\net.dll
0x00007ffe5be20000 - 0x00007ffe5be36000 	C:\WINDOWS\SYSTEM32\dhcpcsvc6.DLL
0x00007ffe5be00000 - 0x00007ffe5be1a000 	C:\WINDOWS\SYSTEM32\dhcpcsvc.DLL
0x0000000050000000 - 0x0000000050011000 	C:\Program Files\Java\jre1.8.0_151\bin\nio.dll
0x0000000180000000 - 0x0000000180053000 	C:\Users\PilzHere\AppData\Local\Temp\libgdxPilzHere\dc0f0009\lwjgl64.dll
0x00007ffe4c8d0000 - 0x00007ffe4c9ee000 	C:\WINDOWS\SYSTEM32\OPENGL32.dll
0x00007ffe5a2f0000 - 0x00007ffe5a31c000 	C:\WINDOWS\SYSTEM32\GLU32.dll
0x00000000199f0000 - 0x0000000019a54000 	C:\Users\PilzHere\AppData\Local\Temp\libgdxPilzHere\dc0f0009\OpenAL64.dll
0x00007ffe61f00000 - 0x00007ffe62049000 	C:\WINDOWS\System32\ole32.dll
0x00007ffe5ee40000 - 0x00007ffe5eed5000 	C:\WINDOWS\system32\uxtheme.dll
0x00007ffe62ca0000 - 0x00007ffe62d3e000 	C:\WINDOWS\System32\clbcatq.dll
0x00007ffe5d220000 - 0x00007ffe5d3d1000 	C:\WINDOWS\System32\PROPSYS.dll
0x00007ffe622e0000 - 0x00007ffe623a5000 	C:\WINDOWS\System32\OLEAUT32.dll
0x00007ffe36250000 - 0x00007ffe362df000 	C:\WINDOWS\SYSTEM32\dsound.dll
0x00007ffe593b0000 - 0x00007ffe5941f000 	C:\WINDOWS\System32\MMDevApi.dll
0x00007ffe606e0000 - 0x00007ffe60707000 	C:\WINDOWS\System32\DEVOBJ.dll
0x00007ffe53ca0000 - 0x00007ffe53dc2000 	C:\WINDOWS\SYSTEM32\AUDIOSES.DLL
0x00007ffe5c280000 - 0x00007ffe5c3b6000 	C:\WINDOWS\SYSTEM32\wintypes.dll
0x00007ffe5baa0000 - 0x00007ffe5baaa000 	C:\WINDOWS\SYSTEM32\AVRT.dll
0x00007ffe62a80000 - 0x00007ffe62be7000 	C:\WINDOWS\System32\MSCTF.dll
0x00007ffe5f0b0000 - 0x00007ffe5f0da000 	C:\WINDOWS\system32\dwmapi.dll
0x00007ffe52490000 - 0x00007ffe52528000 	C:\WINDOWS\System32\TextInputFramework.dll
0x00007ffe5b540000 - 0x00007ffe5b82e000 	C:\WINDOWS\System32\CoreUIComponents.dll
0x00007ffe5e6b0000 - 0x00007ffe5e78c000 	C:\WINDOWS\System32\CoreMessaging.dll
0x00007ffe5fa00000 - 0x00007ffe5fa31000 	C:\WINDOWS\SYSTEM32\ntmarta.dll
0x00000000732f0000 - 0x000000007552d000 	C:\WINDOWS\System32\DriverStore\FileRepository\nv_dispi.inf_amd64_c1a085cc86772d3f\nvoglv64.dll
0x00007ffe61a50000 - 0x00007ffe61e9e000 	C:\WINDOWS\System32\SETUPAPI.dll
0x00007ffe5d1f0000 - 0x00007ffe5d203000 	C:\WINDOWS\SYSTEM32\WTSAPI32.dll
0x00007ffe61660000 - 0x00007ffe616b8000 	C:\WINDOWS\System32\WINTRUST.dll
0x00007ffe60960000 - 0x00007ffe60972000 	C:\WINDOWS\System32\MSASN1.dll
0x00007ffe61410000 - 0x00007ffe615de000 	C:\WINDOWS\System32\CRYPT32.dll
0x00007ffe1a640000 - 0x00007ffe1a8a6000 	C:\WINDOWS\system32\nvspcap64.dll
0x00007ffe58840000 - 0x00007ffe588d7000 	C:\WINDOWS\SYSTEM32\mscms.dll
0x00007ffe2d3d0000 - 0x00007ffe2d411000 	C:\WINDOWS\SYSTEM32\icm32.dll
0x00007ffe5faa0000 - 0x00007ffe5faf5000 	C:\WINDOWS\SYSTEM32\WINSTA.dll
0x0000000066bc0000 - 0x0000000066c7b000 	C:\Users\PilzHere\AppData\Local\Temp\libgdxPilzHere\54593449\gdx-box2d64.dll
0x00007ffe50a70000 - 0x00007ffe50c38000 	C:\WINDOWS\SYSTEM32\dbghelp.dll

VM Arguments:
jvm_args: -agentlib:jdwp=transport=dt_socket,suspend=y,address=localhost:62866 -Xmx64m -Xms64m -Dfile.encoding=Cp1252 
java_command: mysko.pilzhere.gameboygame.desktop.DesktopLauncher
java_class_path (initial): C:\Program Files\Java\jre1.8.0_151\lib\resources.jar;C:\Program Files\Java\jre1.8.0_151\lib\rt.jar;C:\Program Files\Java\jre1.8.0_151\lib\jsse.jar;C:\Program Files\Java\jre1.8.0_151\lib\jce.jar;C:\Program Files\Java\jre1.8.0_151\lib\charsets.jar;C:\Program Files\Java\jre1.8.0_151\lib\jfr.jar;C:\Program Files\Java\jre1.8.0_151\lib\ext\access-bridge-64.jar;C:\Program Files\Java\jre1.8.0_151\lib\ext\cldrdata.jar;C:\Program Files\Java\jre1.8.0_151\lib\ext\dnsns.jar;C:\Program Files\Java\jre1.8.0_151\lib\ext\jaccess.jar;C:\Program Files\Java\jre1.8.0_151\lib\ext\jfxrt.jar;C:\Program Files\Java\jre1.8.0_151\lib\ext\localedata.jar;C:\Program Files\Java\jre1.8.0_151\lib\ext\nashorn.jar;C:\Program Files\Java\jre1.8.0_151\lib\ext\sunec.jar;C:\Program Files\Java\jre1.8.0_151\lib\ext\sunjce_provider.jar;C:\Program Files\Java\jre1.8.0_151\lib\ext\sunmscapi.jar;C:\Program Files\Java\jre1.8.0_151\lib\ext\sunpkcs11.jar;C:\Program Files\Java\jre1.8.0_151\lib\ext\zipfs.jar;D:\eclipse workspace\GameboyGame\desktop\bin;D:\eclipse workspace\GameboyGame\core\bin;C:\Users\PilzHere\.gradle\caches\modules-2\files-2.1\com.badlogicgames.gdx\gdx-backend-lwjgl\1.9.8\b7c138f14ed67ad830ae7597da3d86ae02b20eee\gdx-backend-lwjgl-1.9.8.jar;C:\Users\PilzHere\.gradle\caches\modules-2\files-2.1\com.badlogicgames.gdx\gdx-platform\1.9.8\604a2ef2c7c92a5900114757cbd3fb4dcbb8270c\gdx-platform-1.9.8-natives-desktop.jar;C:\Users\PilzHere\.gradle\caches\modules-2\files-2.1\com.badlogicgames.gdx\gdx-box2d-platform\1.9.8\3195b56f82751d7cd7de85edb6824d17bf479781\gdx-box2d-platform-1.9.8-natives-desktop.jar;C:\Users\PilzHere\.gradle\caches\modules-2\files-2.1\com.badlogicgames.gdx\gdx\1.9.8\a35a0076fbce873f9c2d5a1a1c8066244231bb3c\gdx-1.9.8.jar;C:\Users\PilzHere\.gradle\caches\modules-2\files-2.1\com.badlogicgames.gdx\gdx-box2d\1.9.8\6f0497b7958216464101adfb7bdc3a0f7b88d6d3\gdx-box2d-1.9.8.jar;C:\Users\PilzHere\.gradle\caches\modules-2\files-2.1\org.lwjgl.lwjgl\lwjgl\2.9.2\a9d80fe5935c7
Launcher Type: SUN_STANDARD

Environment Variables:
PATH=C:\Program Files\Java\jre1.8.0_144\bin;C:\Program Files\Microsoft SQL Server\130\Tools\Binn\;C:\Program Files\dotnet\;C:\WINDOWS\system32;C:\WINDOWS;C:\WINDOWS\System32\Wbem;C:\WINDOWS\System32\WindowsPowerShell\v1.0\;C:\Program Files\Git\cmd;C:\Users\PilzHere\AppData\Local\Microsoft\WindowsApps;D:\Program Files (x86)\Microsoft VS Code\bin;C:\Users\PilzHere\AppData\Roaming\npm;C:\Program Files\Java\jdk1.8.0_144\bin;C:\Users\PilzHere\AppData\Roaming\Dashlane\5.3.1.13504\bin\Firefox_Extension\{442718d9-475e-452a-b3e1-fb1ee16b8e9f}\components;C:\Users\PilzHere\AppData\Roaming\Dashlane\5.3.1.13504\ucrt
USERNAME=PilzHere
OS=Windows_NT
PROCESSOR_IDENTIFIER=Intel64 Family 6 Model 63 Stepping 2, GenuineIntel



---------------  S Y S T E M  ---------------

OS: Windows 10.0 , 64 bit Build 16299 (10.0.16299.15)

CPU:total 12 (initial active 12) (6 cores per cpu, 2 threads per core) family 6 model 63 stepping 2, cmov, cx8, fxsr, mmx, sse, sse2, sse3, ssse3, sse4.1, sse4.2, popcnt, avx, avx2, aes, clmul, erms, lzcnt, ht, tsc, tscinvbit, bmi1, bmi2

Memory: 4k page, physical 67017972k(45160552k free), swap 76979444k(50861512k free)

vm_info: Java HotSpot(TM) 64-Bit Server VM (25.151-b12) for windows-amd64 JRE (1.8.0_151-b12), built on Sep  5 2017 19:33:46 by "java_re" with MS VC++ 10.0 (VS2010)

time: Sun Apr 22 02:07:26 2018
elapsed time: 21 seconds (0d 0h 0m 21s)

